c:\users\sefce\source\kmengine\kmengine\x64\debug\vc143.pdb
c:\users\sefce\source\kmengine\kmengine\x64\debug\vc143.idb
c:\users\sefce\source\kmengine\kmengine\x64\debug\world.obj
c:\users\sefce\source\kmengine\kmengine\x64\debug\viewportwindow.obj
c:\users\sefce\source\kmengine\kmengine\x64\debug\terraingenerator.obj
c:\users\sefce\source\kmengine\kmengine\x64\debug\scene.obj
c:\users\sefce\source\kmengine\kmengine\x64\debug\renderer.obj
c:\users\sefce\source\kmengine\kmengine\x64\debug\primitivegeometryfactory.obj
c:\users\sefce\source\kmengine\kmengine\x64\debug\perlinnoise.obj
c:\users\sefce\source\kmengine\kmengine\x64\debug\logger.obj
c:\users\sefce\source\kmengine\kmengine\x64\debug\kmengine.obj
c:\users\sefce\source\kmengine\kmengine\x64\debug\gameentity3d.obj
c:\users\sefce\source\kmengine\kmengine\x64\debug\dxresourcesconfig.obj
c:\users\sefce\source\kmengine\kmengine\x64\debug\dx11device.obj
c:\users\sefce\source\kmengine\kmengine\x64\debug\ddstextureloader.obj
c:\users\sefce\source\kmengine\kmengine\x64\debug\coreclock.obj
c:\users\sefce\source\kmengine\x64\debug\textureshader_ps.cso
c:\users\sefce\source\kmengine\x64\debug\textureshader_vs.cso
c:\users\sefce\source\kmengine\x64\debug\kmengine.exe
c:\users\sefce\source\kmengine\x64\debug\kmengine.pdb
c:\users\sefce\source\kmengine\kmengine\x64\debug\kmengine.res
c:\users\sefce\source\kmengine\kmengine\x64\debug\kmengine.ilk
c:\users\sefce\source\kmengine\kmengine\x64\debug\kmengine.tlog\cl.command.1.tlog
c:\users\sefce\source\kmengine\kmengine\x64\debug\kmengine.tlog\cl.items.tlog
c:\users\sefce\source\kmengine\kmengine\x64\debug\kmengine.tlog\cl.read.1.tlog
c:\users\sefce\source\kmengine\kmengine\x64\debug\kmengine.tlog\cl.write.1.tlog
c:\users\sefce\source\kmengine\kmengine\x64\debug\kmengine.tlog\fxc.command.1.tlog
c:\users\sefce\source\kmengine\kmengine\x64\debug\kmengine.tlog\fxc.read.1.tlog
c:\users\sefce\source\kmengine\kmengine\x64\debug\kmengine.tlog\fxc.write.1.tlog
c:\users\sefce\source\kmengine\kmengine\x64\debug\kmengine.tlog\link.command.1.tlog
c:\users\sefce\source\kmengine\kmengine\x64\debug\kmengine.tlog\link.read.1.tlog
c:\users\sefce\source\kmengine\kmengine\x64\debug\kmengine.tlog\link.secondary.1.tlog
c:\users\sefce\source\kmengine\kmengine\x64\debug\kmengine.tlog\link.write.1.tlog
c:\users\sefce\source\kmengine\kmengine\x64\debug\kmengine.tlog\rc.command.1.tlog
c:\users\sefce\source\kmengine\kmengine\x64\debug\kmengine.tlog\rc.read.1.tlog
c:\users\sefce\source\kmengine\kmengine\x64\debug\kmengine.tlog\rc.write.1.tlog
